Построение начато 30.05.2024 22:52:08.
     1>Проект "k:\YandexDisk\до 2024.05.28 заказ № 52842 по предмету 'Программирование на C++' Курсовой\Uchet_Dogovorov\Uchet_Dogovorov\Uchet_Dogovorov.vcxproj" в узле 2 (целевые объекты build).
     1>InitializeBuildStatus:
         Создание "Debug\Uchet_Dogovorov.unsuccessfulbuild", так как было задано "AlwaysCreate".
       ClCompile:
         Для всех выходных данных обновления не требуется.
         C:\Program Files (x86)\Microsoft Visual Studio 10.0\VC\bin\CL.exe /c /ZI /nologo /W3 /WX- /Od /Oy- /D WIN32 /D _DEBUG /D _CONSOLE /D _MBCS /Gm /EHsc /RTC1 /MDd /GS /fp:precise /Zc:wchar_t /Zc:forScope /Yu"StdAfx.h" /Fp"Debug\Uchet_Dogovorov.pch" /Fo"Debug\\" /Fd"Debug\vc100.pdb" /Gd /TP /analyze- /errorReport:prompt Uchet_Dogovorov.cpp
         Uchet_Dogovorov.cpp
     1>k:\yandexdisk\до 2024.05.28 заказ № 52842 по предмету 'программирование на c++' курсовой\uchet_dogovorov\uchet_dogovorov\uchet_dogovorov.cpp(57): warning C4996: 'fopen': This function or variable may be unsafe. Consider using fopen_s instead. To disable deprecation, use _CRT_SECURE_NO_WARNINGS. See online help for details.
                 c:\program files (x86)\microsoft visual studio 10.0\vc\include\stdio.h(234): см. объявление "fopen"
     1>k:\yandexdisk\до 2024.05.28 заказ № 52842 по предмету 'программирование на c++' курсовой\uchet_dogovorov\uchet_dogovorov\uchet_dogovorov.cpp(61): warning C4996: 'scanf': This function or variable may be unsafe. Consider using scanf_s instead. To disable deprecation, use _CRT_SECURE_NO_WARNINGS. See online help for details.
                 c:\program files (x86)\microsoft visual studio 10.0\vc\include\stdio.h(304): см. объявление "scanf"
     1>k:\yandexdisk\до 2024.05.28 заказ № 52842 по предмету 'программирование на c++' курсовой\uchet_dogovorov\uchet_dogovorov\uchet_dogovorov.cpp(62): warning C4996: 'scanf': This function or variable may be unsafe. Consider using scanf_s instead. To disable deprecation, use _CRT_SECURE_NO_WARNINGS. See online help for details.
                 c:\program files (x86)\microsoft visual studio 10.0\vc\include\stdio.h(304): см. объявление "scanf"
     1>k:\yandexdisk\до 2024.05.28 заказ № 52842 по предмету 'программирование на c++' курсовой\uchet_dogovorov\uchet_dogovorov\uchet_dogovorov.cpp(74): warning C4101: a: неиспользованная локальная переменная
     1>k:\yandexdisk\до 2024.05.28 заказ № 52842 по предмету 'программирование на c++' курсовой\uchet_dogovorov\uchet_dogovorov\uchet_dogovorov.cpp(86): warning C4996: 'scanf': This function or variable may be unsafe. Consider using scanf_s instead. To disable deprecation, use _CRT_SECURE_NO_WARNINGS. See online help for details.
                 c:\program files (x86)\microsoft visual studio 10.0\vc\include\stdio.h(304): см. объявление "scanf"
     1>k:\yandexdisk\до 2024.05.28 заказ № 52842 по предмету 'программирование на c++' курсовой\uchet_dogovorov\uchet_dogovorov\uchet_dogovorov.cpp(87): warning C4996: 'scanf': This function or variable may be unsafe. Consider using scanf_s instead. To disable deprecation, use _CRT_SECURE_NO_WARNINGS. See online help for details.
                 c:\program files (x86)\microsoft visual studio 10.0\vc\include\stdio.h(304): см. объявление "scanf"
     1>k:\yandexdisk\до 2024.05.28 заказ № 52842 по предмету 'программирование на c++' курсовой\uchet_dogovorov\uchet_dogovorov\uchet_dogovorov.cpp(88): warning C4996: 'scanf': This function or variable may be unsafe. Consider using scanf_s instead. To disable deprecation, use _CRT_SECURE_NO_WARNINGS. See online help for details.
                 c:\program files (x86)\microsoft visual studio 10.0\vc\include\stdio.h(304): см. объявление "scanf"
     1>k:\yandexdisk\до 2024.05.28 заказ № 52842 по предмету 'программирование на c++' курсовой\uchet_dogovorov\uchet_dogovorov\uchet_dogovorov.cpp(94): warning C4996: 'fopen': This function or variable may be unsafe. Consider using fopen_s instead. To disable deprecation, use _CRT_SECURE_NO_WARNINGS. See online help for details.
                 c:\program files (x86)\microsoft visual studio 10.0\vc\include\stdio.h(234): см. объявление "fopen"
     1>k:\yandexdisk\до 2024.05.28 заказ № 52842 по предмету 'программирование на c++' курсовой\uchet_dogovorov\uchet_dogovorov\uchet_dogovorov.cpp(109): warning C4996: 'fopen': This function or variable may be unsafe. Consider using fopen_s instead. To disable deprecation, use _CRT_SECURE_NO_WARNINGS. See online help for details.
                 c:\program files (x86)\microsoft visual studio 10.0\vc\include\stdio.h(234): см. объявление "fopen"
     1>k:\yandexdisk\до 2024.05.28 заказ № 52842 по предмету 'программирование на c++' курсовой\uchet_dogovorov\uchet_dogovorov\uchet_dogovorov.cpp(117): warning C4101: a: неиспользованная локальная переменная
     1>k:\yandexdisk\до 2024.05.28 заказ № 52842 по предмету 'программирование на c++' курсовой\uchet_dogovorov\uchet_dogovorov\uchet_dogovorov.cpp(130): warning C4996: 'fopen': This function or variable may be unsafe. Consider using fopen_s instead. To disable deprecation, use _CRT_SECURE_NO_WARNINGS. See online help for details.
                 c:\program files (x86)\microsoft visual studio 10.0\vc\include\stdio.h(234): см. объявление "fopen"
     1>k:\yandexdisk\до 2024.05.28 заказ № 52842 по предмету 'программирование на c++' курсовой\uchet_dogovorov\uchet_dogovorov\uchet_dogovorov.cpp(140): warning C4996: 'scanf': This function or variable may be unsafe. Consider using scanf_s instead. To disable deprecation, use _CRT_SECURE_NO_WARNINGS. See online help for details.
                 c:\program files (x86)\microsoft visual studio 10.0\vc\include\stdio.h(304): см. объявление "scanf"
     1>k:\yandexdisk\до 2024.05.28 заказ № 52842 по предмету 'программирование на c++' курсовой\uchet_dogovorov\uchet_dogovorov\uchet_dogovorov.cpp(141): warning C4996: 'scanf': This function or variable may be unsafe. Consider using scanf_s instead. To disable deprecation, use _CRT_SECURE_NO_WARNINGS. See online help for details.
                 c:\program files (x86)\microsoft visual studio 10.0\vc\include\stdio.h(304): см. объявление "scanf"
     1>k:\yandexdisk\до 2024.05.28 заказ № 52842 по предмету 'программирование на c++' курсовой\uchet_dogovorov\uchet_dogovorov\uchet_dogovorov.cpp(163): warning C4996: 'fopen': This function or variable may be unsafe. Consider using fopen_s instead. To disable deprecation, use _CRT_SECURE_NO_WARNINGS. See online help for details.
                 c:\program files (x86)\microsoft visual studio 10.0\vc\include\stdio.h(234): см. объявление "fopen"
     1>k:\yandexdisk\до 2024.05.28 заказ № 52842 по предмету 'программирование на c++' курсовой\uchet_dogovorov\uchet_dogovorov\uchet_dogovorov.cpp(133): warning C4101: a: неиспользованная локальная переменная
     1>k:\yandexdisk\до 2024.05.28 заказ № 52842 по предмету 'программирование на c++' курсовой\uchet_dogovorov\uchet_dogovorov\uchet_dogovorov.cpp(180): warning C4996: 'scanf': This function or variable may be unsafe. Consider using scanf_s instead. To disable deprecation, use _CRT_SECURE_NO_WARNINGS. See online help for details.
                 c:\program files (x86)\microsoft visual studio 10.0\vc\include\stdio.h(304): см. объявление "scanf"
     1>k:\yandexdisk\до 2024.05.28 заказ № 52842 по предмету 'программирование на c++' курсовой\uchet_dogovorov\uchet_dogovorov\uchet_dogovorov.cpp(182): warning C4996: 'gets': This function or variable may be unsafe. Consider using gets_s instead. To disable deprecation, use _CRT_SECURE_NO_WARNINGS. See online help for details.
                 c:\program files (x86)\microsoft visual studio 10.0\vc\include\stdio.h(277): см. объявление "gets"
     1>k:\yandexdisk\до 2024.05.28 заказ № 52842 по предмету 'программирование на c++' курсовой\uchet_dogovorov\uchet_dogovorov\uchet_dogovorov.cpp(184): warning C4996: 'gets': This function or variable may be unsafe. Consider using gets_s instead. To disable deprecation, use _CRT_SECURE_NO_WARNINGS. See online help for details.
                 c:\program files (x86)\microsoft visual studio 10.0\vc\include\stdio.h(277): см. объявление "gets"
     1>k:\yandexdisk\до 2024.05.28 заказ № 52842 по предмету 'программирование на c++' курсовой\uchet_dogovorov\uchet_dogovorov\uchet_dogovorov.cpp(186): warning C4996: 'gets': This function or variable may be unsafe. Consider using gets_s instead. To disable deprecation, use _CRT_SECURE_NO_WARNINGS. See online help for details.
                 c:\program files (x86)\microsoft visual studio 10.0\vc\include\stdio.h(277): см. объявление "gets"
     1>k:\yandexdisk\до 2024.05.28 заказ № 52842 по предмету 'программирование на c++' курсовой\uchet_dogovorov\uchet_dogovorov\uchet_dogovorov.cpp(188): warning C4996: 'gets': This function or variable may be unsafe. Consider using gets_s instead. To disable deprecation, use _CRT_SECURE_NO_WARNINGS. See online help for details.
                 c:\program files (x86)\microsoft visual studio 10.0\vc\include\stdio.h(277): см. объявление "gets"
     1>k:\yandexdisk\до 2024.05.28 заказ № 52842 по предмету 'программирование на c++' курсовой\uchet_dogovorov\uchet_dogovorov\uchet_dogovorov.cpp(197): warning C4996: 'scanf': This function or variable may be unsafe. Consider using scanf_s instead. To disable deprecation, use _CRT_SECURE_NO_WARNINGS. See online help for details.
                 c:\program files (x86)\microsoft visual studio 10.0\vc\include\stdio.h(304): см. объявление "scanf"
     1>k:\yandexdisk\до 2024.05.28 заказ № 52842 по предмету 'программирование на c++' курсовой\uchet_dogovorov\uchet_dogovorov\uchet_dogovorov.cpp(199): warning C4996: 'gets': This function or variable may be unsafe. Consider using gets_s instead. To disable deprecation, use _CRT_SECURE_NO_WARNINGS. See online help for details.
                 c:\program files (x86)\microsoft visual studio 10.0\vc\include\stdio.h(277): см. объявление "gets"
     1>k:\yandexdisk\до 2024.05.28 заказ № 52842 по предмету 'программирование на c++' курсовой\uchet_dogovorov\uchet_dogovorov\uchet_dogovorov.cpp(201): warning C4996: 'gets': This function or variable may be unsafe. Consider using gets_s instead. To disable deprecation, use _CRT_SECURE_NO_WARNINGS. See online help for details.
                 c:\program files (x86)\microsoft visual studio 10.0\vc\include\stdio.h(277): см. объявление "gets"
     1>k:\yandexdisk\до 2024.05.28 заказ № 52842 по предмету 'программирование на c++' курсовой\uchet_dogovorov\uchet_dogovorov\uchet_dogovorov.cpp(210): warning C4996: 'scanf': This function or variable may be unsafe. Consider using scanf_s instead. To disable deprecation, use _CRT_SECURE_NO_WARNINGS. See online help for details.
                 c:\program files (x86)\microsoft visual studio 10.0\vc\include\stdio.h(304): см. объявление "scanf"
     1>k:\yandexdisk\до 2024.05.28 заказ № 52842 по предмету 'программирование на c++' курсовой\uchet_dogovorov\uchet_dogovorov\uchet_dogovorov.cpp(211): warning C4996: 'scanf': This function or variable may be unsafe. Consider using scanf_s instead. To disable deprecation, use _CRT_SECURE_NO_WARNINGS. See online help for details.
                 c:\program files (x86)\microsoft visual studio 10.0\vc\include\stdio.h(304): см. объявление "scanf"
     1>k:\yandexdisk\до 2024.05.28 заказ № 52842 по предмету 'программирование на c++' курсовой\uchet_dogovorov\uchet_dogovorov\uchet_dogovorov.cpp(212): warning C4996: 'scanf': This function or variable may be unsafe. Consider using scanf_s instead. To disable deprecation, use _CRT_SECURE_NO_WARNINGS. See online help for details.
                 c:\program files (x86)\microsoft visual studio 10.0\vc\include\stdio.h(304): см. объявление "scanf"
     1>k:\yandexdisk\до 2024.05.28 заказ № 52842 по предмету 'программирование на c++' курсовой\uchet_dogovorov\uchet_dogovorov\uchet_dogovorov.cpp(214): warning C4996: 'scanf': This function or variable may be unsafe. Consider using scanf_s instead. To disable deprecation, use _CRT_SECURE_NO_WARNINGS. See online help for details.
                 c:\program files (x86)\microsoft visual studio 10.0\vc\include\stdio.h(304): см. объявление "scanf"
     1>k:\yandexdisk\до 2024.05.28 заказ № 52842 по предмету 'программирование на c++' курсовой\uchet_dogovorov\uchet_dogovorov\uchet_dogovorov.cpp(215): warning C4996: 'scanf': This function or variable may be unsafe. Consider using scanf_s instead. To disable deprecation, use _CRT_SECURE_NO_WARNINGS. See online help for details.
                 c:\program files (x86)\microsoft visual studio 10.0\vc\include\stdio.h(304): см. объявление "scanf"
     1>k:\yandexdisk\до 2024.05.28 заказ № 52842 по предмету 'программирование на c++' курсовой\uchet_dogovorov\uchet_dogovorov\uchet_dogovorov.cpp(217): warning C4996: 'scanf': This function or variable may be unsafe. Consider using scanf_s instead. To disable deprecation, use _CRT_SECURE_NO_WARNINGS. See online help for details.
                 c:\program files (x86)\microsoft visual studio 10.0\vc\include\stdio.h(304): см. объявление "scanf"
     1>k:\yandexdisk\до 2024.05.28 заказ № 52842 по предмету 'программирование на c++' курсовой\uchet_dogovorov\uchet_dogovorov\uchet_dogovorov.cpp(224): warning C4996: 'fopen': This function or variable may be unsafe. Consider using fopen_s instead. To disable deprecation, use _CRT_SECURE_NO_WARNINGS. See online help for details.
                 c:\program files (x86)\microsoft visual studio 10.0\vc\include\stdio.h(234): см. объявление "fopen"
     1>k:\yandexdisk\до 2024.05.28 заказ № 52842 по предмету 'программирование на c++' курсовой\uchet_dogovorov\uchet_dogovorov\uchet_dogovorov.cpp(245): warning C4996: 'fopen': This function or variable may be unsafe. Consider using fopen_s instead. To disable deprecation, use _CRT_SECURE_NO_WARNINGS. See online help for details.
                 c:\program files (x86)\microsoft visual studio 10.0\vc\include\stdio.h(234): см. объявление "fopen"
     1>k:\yandexdisk\до 2024.05.28 заказ № 52842 по предмету 'программирование на c++' курсовой\uchet_dogovorov\uchet_dogovorov\uchet_dogovorov.cpp(255): warning C4996: 'scanf': This function or variable may be unsafe. Consider using scanf_s instead. To disable deprecation, use _CRT_SECURE_NO_WARNINGS. See online help for details.
                 c:\program files (x86)\microsoft visual studio 10.0\vc\include\stdio.h(304): см. объявление "scanf"
     1>k:\yandexdisk\до 2024.05.28 заказ № 52842 по предмету 'программирование на c++' курсовой\uchet_dogovorov\uchet_dogovorov\uchet_dogovorov.cpp(273): warning C4996: 'fopen': This function or variable may be unsafe. Consider using fopen_s instead. To disable deprecation, use _CRT_SECURE_NO_WARNINGS. See online help for details.
                 c:\program files (x86)\microsoft visual studio 10.0\vc\include\stdio.h(234): см. объявление "fopen"
     1>k:\yandexdisk\до 2024.05.28 заказ № 52842 по предмету 'программирование на c++' курсовой\uchet_dogovorov\uchet_dogovorov\uchet_dogovorov.cpp(248): warning C4101: a: неиспользованная локальная переменная
     1>k:\yandexdisk\до 2024.05.28 заказ № 52842 по предмету 'программирование на c++' курсовой\uchet_dogovorov\uchet_dogovorov\uchet_dogovorov.cpp(314): warning C4996: 'fopen': This function or variable may be unsafe. Consider using fopen_s instead. To disable deprecation, use _CRT_SECURE_NO_WARNINGS. See online help for details.
                 c:\program files (x86)\microsoft visual studio 10.0\vc\include\stdio.h(234): см. объявление "fopen"
     1>k:\yandexdisk\до 2024.05.28 заказ № 52842 по предмету 'программирование на c++' курсовой\uchet_dogovorov\uchet_dogovorov\uchet_dogovorov.cpp(324): warning C4996: 'scanf': This function or variable may be unsafe. Consider using scanf_s instead. To disable deprecation, use _CRT_SECURE_NO_WARNINGS. See online help for details.
                 c:\program files (x86)\microsoft visual studio 10.0\vc\include\stdio.h(304): см. объявление "scanf"
     1>k:\yandexdisk\до 2024.05.28 заказ № 52842 по предмету 'программирование на c++' курсовой\uchet_dogovorov\uchet_dogovorov\uchet_dogovorov.cpp(350): warning C4996: 'fopen': This function or variable may be unsafe. Consider using fopen_s instead. To disable deprecation, use _CRT_SECURE_NO_WARNINGS. See online help for details.
                 c:\program files (x86)\microsoft visual studio 10.0\vc\include\stdio.h(234): см. объявление "fopen"
     1>k:\yandexdisk\до 2024.05.28 заказ № 52842 по предмету 'программирование на c++' курсовой\uchet_dogovorov\uchet_dogovorov\uchet_dogovorov.cpp(317): warning C4101: a: неиспользованная локальная переменная
     1>k:\yandexdisk\до 2024.05.28 заказ № 52842 по предмету 'программирование на c++' курсовой\uchet_dogovorov\uchet_dogovorov\uchet_dogovorov.cpp(368): warning C4996: 'fopen': This function or variable may be unsafe. Consider using fopen_s instead. To disable deprecation, use _CRT_SECURE_NO_WARNINGS. See online help for details.
                 c:\program files (x86)\microsoft visual studio 10.0\vc\include\stdio.h(234): см. объявление "fopen"
     1>k:\yandexdisk\до 2024.05.28 заказ № 52842 по предмету 'программирование на c++' курсовой\uchet_dogovorov\uchet_dogovorov\uchet_dogovorov.cpp(379): warning C4101: a: неиспользованная локальная переменная
     1>k:\yandexdisk\до 2024.05.28 заказ № 52842 по предмету 'программирование на c++' курсовой\uchet_dogovorov\uchet_dogovorov\uchet_dogovorov.cpp(390): warning C4996: 'fopen': This function or variable may be unsafe. Consider using fopen_s instead. To disable deprecation, use _CRT_SECURE_NO_WARNINGS. See online help for details.
                 c:\program files (x86)\microsoft visual studio 10.0\vc\include\stdio.h(234): см. объявление "fopen"
     1>k:\yandexdisk\до 2024.05.28 заказ № 52842 по предмету 'программирование на c++' курсовой\uchet_dogovorov\uchet_dogovorov\uchet_dogovorov.cpp(394): warning C4996: 'scanf': This function or variable may be unsafe. Consider using scanf_s instead. To disable deprecation, use _CRT_SECURE_NO_WARNINGS. See online help for details.
                 c:\program files (x86)\microsoft visual studio 10.0\vc\include\stdio.h(304): см. объявление "scanf"
     1>k:\yandexdisk\до 2024.05.28 заказ № 52842 по предмету 'программирование на c++' курсовой\uchet_dogovorov\uchet_dogovorov\uchet_dogovorov.cpp(406): warning C4101: a: неиспользованная локальная переменная
     1>k:\yandexdisk\до 2024.05.28 заказ № 52842 по предмету 'программирование на c++' курсовой\uchet_dogovorov\uchet_dogovorov\uchet_dogovorov.cpp(416): warning C4996: 'fopen': This function or variable may be unsafe. Consider using fopen_s instead. To disable deprecation, use _CRT_SECURE_NO_WARNINGS. See online help for details.
                 c:\program files (x86)\microsoft visual studio 10.0\vc\include\stdio.h(234): см. объявление "fopen"
     1>k:\yandexdisk\до 2024.05.28 заказ № 52842 по предмету 'программирование на c++' курсовой\uchet_dogovorov\uchet_dogovorov\uchet_dogovorov.cpp(437): warning C4996: 'fopen': This function or variable may be unsafe. Consider using fopen_s instead. To disable deprecation, use _CRT_SECURE_NO_WARNINGS. See online help for details.
                 c:\program files (x86)\microsoft visual studio 10.0\vc\include\stdio.h(234): см. объявление "fopen"
     1>k:\yandexdisk\до 2024.05.28 заказ № 52842 по предмету 'программирование на c++' курсовой\uchet_dogovorov\uchet_dogovorov\uchet_dogovorov.cpp(447): warning C4996: 'scanf': This function or variable may be unsafe. Consider using scanf_s instead. To disable deprecation, use _CRT_SECURE_NO_WARNINGS. See online help for details.
                 c:\program files (x86)\microsoft visual studio 10.0\vc\include\stdio.h(304): см. объявление "scanf"
     1>k:\yandexdisk\до 2024.05.28 заказ № 52842 по предмету 'программирование на c++' курсовой\uchet_dogovorov\uchet_dogovorov\uchet_dogovorov.cpp(465): warning C4996: 'fopen': This function or variable may be unsafe. Consider using fopen_s instead. To disable deprecation, use _CRT_SECURE_NO_WARNINGS. See online help for details.
                 c:\program files (x86)\microsoft visual studio 10.0\vc\include\stdio.h(234): см. объявление "fopen"
     1>k:\yandexdisk\до 2024.05.28 заказ № 52842 по предмету 'программирование на c++' курсовой\uchet_dogovorov\uchet_dogovorov\uchet_dogovorov.cpp(440): warning C4101: a: неиспользованная локальная переменная
     1>k:\yandexdisk\до 2024.05.28 заказ № 52842 по предмету 'программирование на c++' курсовой\uchet_dogovorov\uchet_dogovorov\uchet_dogovorov.cpp(506): warning C4996: 'fopen': This function or variable may be unsafe. Consider using fopen_s instead. To disable deprecation, use _CRT_SECURE_NO_WARNINGS. See online help for details.
                 c:\program files (x86)\microsoft visual studio 10.0\vc\include\stdio.h(234): см. объявление "fopen"
     1>k:\yandexdisk\до 2024.05.28 заказ № 52842 по предмету 'программирование на c++' курсовой\uchet_dogovorov\uchet_dogovorov\uchet_dogovorov.cpp(516): warning C4996: 'scanf': This function or variable may be unsafe. Consider using scanf_s instead. To disable deprecation, use _CRT_SECURE_NO_WARNINGS. See online help for details.
                 c:\program files (x86)\microsoft visual studio 10.0\vc\include\stdio.h(304): см. объявление "scanf"
     1>k:\yandexdisk\до 2024.05.28 заказ № 52842 по предмету 'программирование на c++' курсовой\uchet_dogovorov\uchet_dogovorov\uchet_dogovorov.cpp(542): warning C4996: 'fopen': This function or variable may be unsafe. Consider using fopen_s instead. To disable deprecation, use _CRT_SECURE_NO_WARNINGS. See online help for details.
                 c:\program files (x86)\microsoft visual studio 10.0\vc\include\stdio.h(234): см. объявление "fopen"
     1>k:\yandexdisk\до 2024.05.28 заказ № 52842 по предмету 'программирование на c++' курсовой\uchet_dogovorov\uchet_dogovorov\uchet_dogovorov.cpp(509): warning C4101: a: неиспользованная локальная переменная
     1>k:\yandexdisk\до 2024.05.28 заказ № 52842 по предмету 'программирование на c++' курсовой\uchet_dogovorov\uchet_dogovorov\uchet_dogovorov.cpp(560): warning C4996: 'fopen': This function or variable may be unsafe. Consider using fopen_s instead. To disable deprecation, use _CRT_SECURE_NO_WARNINGS. See online help for details.
                 c:\program files (x86)\microsoft visual studio 10.0\vc\include\stdio.h(234): см. объявление "fopen"
     1>k:\yandexdisk\до 2024.05.28 заказ № 52842 по предмету 'программирование на c++' курсовой\uchet_dogovorov\uchet_dogovorov\uchet_dogovorov.cpp(571): warning C4101: a: неиспользованная локальная переменная
     1>k:\yandexdisk\до 2024.05.28 заказ № 52842 по предмету 'программирование на c++' курсовой\uchet_dogovorov\uchet_dogovorov\uchet_dogovorov.cpp(582): warning C4996: 'fopen': This function or variable may be unsafe. Consider using fopen_s instead. To disable deprecation, use _CRT_SECURE_NO_WARNINGS. See online help for details.
                 c:\program files (x86)\microsoft visual studio 10.0\vc\include\stdio.h(234): см. объявление "fopen"
     1>k:\yandexdisk\до 2024.05.28 заказ № 52842 по предмету 'программирование на c++' курсовой\uchet_dogovorov\uchet_dogovorov\uchet_dogovorov.cpp(586): warning C4996: 'scanf': This function or variable may be unsafe. Consider using scanf_s instead. To disable deprecation, use _CRT_SECURE_NO_WARNINGS. See online help for details.
                 c:\program files (x86)\microsoft visual studio 10.0\vc\include\stdio.h(304): см. объявление "scanf"
     1>k:\yandexdisk\до 2024.05.28 заказ № 52842 по предмету 'программирование на c++' курсовой\uchet_dogovorov\uchet_dogovorov\uchet_dogovorov.cpp(598): warning C4101: a: неиспользованная локальная переменная
     1>k:\yandexdisk\до 2024.05.28 заказ № 52842 по предмету 'программирование на c++' курсовой\uchet_dogovorov\uchet_dogovorov\uchet_dogovorov.cpp(610): warning C4996: 'fopen': This function or variable may be unsafe. Consider using fopen_s instead. To disable deprecation, use _CRT_SECURE_NO_WARNINGS. See online help for details.
                 c:\program files (x86)\microsoft visual studio 10.0\vc\include\stdio.h(234): см. объявление "fopen"
     1>k:\yandexdisk\до 2024.05.28 заказ № 52842 по предмету 'программирование на c++' курсовой\uchet_dogovorov\uchet_dogovorov\uchet_dogovorov.cpp(631): warning C4996: 'fopen': This function or variable may be unsafe. Consider using fopen_s instead. To disable deprecation, use _CRT_SECURE_NO_WARNINGS. See online help for details.
                 c:\program files (x86)\microsoft visual studio 10.0\vc\include\stdio.h(234): см. объявление "fopen"
     1>k:\yandexdisk\до 2024.05.28 заказ № 52842 по предмету 'программирование на c++' курсовой\uchet_dogovorov\uchet_dogovorov\uchet_dogovorov.cpp(641): warning C4996: 'scanf': This function or variable may be unsafe. Consider using scanf_s instead. To disable deprecation, use _CRT_SECURE_NO_WARNINGS. See online help for details.
                 c:\program files (x86)\microsoft visual studio 10.0\vc\include\stdio.h(304): см. объявление "scanf"
     1>k:\yandexdisk\до 2024.05.28 заказ № 52842 по предмету 'программирование на c++' курсовой\uchet_dogovorov\uchet_dogovorov\uchet_dogovorov.cpp(659): warning C4996: 'fopen': This function or variable may be unsafe. Consider using fopen_s instead. To disable deprecation, use _CRT_SECURE_NO_WARNINGS. See online help for details.
                 c:\program files (x86)\microsoft visual studio 10.0\vc\include\stdio.h(234): см. объявление "fopen"
     1>k:\yandexdisk\до 2024.05.28 заказ № 52842 по предмету 'программирование на c++' курсовой\uchet_dogovorov\uchet_dogovorov\uchet_dogovorov.cpp(634): warning C4101: a: неиспользованная локальная переменная
     1>k:\yandexdisk\до 2024.05.28 заказ № 52842 по предмету 'программирование на c++' курсовой\uchet_dogovorov\uchet_dogovorov\uchet_dogovorov.cpp(700): warning C4996: 'fopen': This function or variable may be unsafe. Consider using fopen_s instead. To disable deprecation, use _CRT_SECURE_NO_WARNINGS. See online help for details.
                 c:\program files (x86)\microsoft visual studio 10.0\vc\include\stdio.h(234): см. объявление "fopen"
     1>k:\yandexdisk\до 2024.05.28 заказ № 52842 по предмету 'программирование на c++' курсовой\uchet_dogovorov\uchet_dogovorov\uchet_dogovorov.cpp(710): warning C4996: 'scanf': This function or variable may be unsafe. Consider using scanf_s instead. To disable deprecation, use _CRT_SECURE_NO_WARNINGS. See online help for details.
                 c:\program files (x86)\microsoft visual studio 10.0\vc\include\stdio.h(304): см. объявление "scanf"
     1>k:\yandexdisk\до 2024.05.28 заказ № 52842 по предмету 'программирование на c++' курсовой\uchet_dogovorov\uchet_dogovorov\uchet_dogovorov.cpp(736): warning C4996: 'fopen': This function or variable may be unsafe. Consider using fopen_s instead. To disable deprecation, use _CRT_SECURE_NO_WARNINGS. See online help for details.
                 c:\program files (x86)\microsoft visual studio 10.0\vc\include\stdio.h(234): см. объявление "fopen"
     1>k:\yandexdisk\до 2024.05.28 заказ № 52842 по предмету 'программирование на c++' курсовой\uchet_dogovorov\uchet_dogovorov\uchet_dogovorov.cpp(703): warning C4101: a: неиспользованная локальная переменная
     1>k:\yandexdisk\до 2024.05.28 заказ № 52842 по предмету 'программирование на c++' курсовой\uchet_dogovorov\uchet_dogovorov\uchet_dogovorov.cpp(754): warning C4996: 'fopen': This function or variable may be unsafe. Consider using fopen_s instead. To disable deprecation, use _CRT_SECURE_NO_WARNINGS. See online help for details.
                 c:\program files (x86)\microsoft visual studio 10.0\vc\include\stdio.h(234): см. объявление "fopen"
     1>k:\yandexdisk\до 2024.05.28 заказ № 52842 по предмету 'программирование на c++' курсовой\uchet_dogovorov\uchet_dogovorov\uchet_dogovorov.cpp(765): warning C4101: a: неиспользованная локальная переменная
     1>k:\yandexdisk\до 2024.05.28 заказ № 52842 по предмету 'программирование на c++' курсовой\uchet_dogovorov\uchet_dogovorov\uchet_dogovorov.cpp(776): warning C4996: 'fopen': This function or variable may be unsafe. Consider using fopen_s instead. To disable deprecation, use _CRT_SECURE_NO_WARNINGS. See online help for details.
                 c:\program files (x86)\microsoft visual studio 10.0\vc\include\stdio.h(234): см. объявление "fopen"
     1>k:\yandexdisk\до 2024.05.28 заказ № 52842 по предмету 'программирование на c++' курсовой\uchet_dogovorov\uchet_dogovorov\uchet_dogovorov.cpp(780): warning C4996: 'scanf': This function or variable may be unsafe. Consider using scanf_s instead. To disable deprecation, use _CRT_SECURE_NO_WARNINGS. See online help for details.
                 c:\program files (x86)\microsoft visual studio 10.0\vc\include\stdio.h(304): см. объявление "scanf"
     1>k:\yandexdisk\до 2024.05.28 заказ № 52842 по предмету 'программирование на c++' курсовой\uchet_dogovorov\uchet_dogovorov\uchet_dogovorov.cpp(792): warning C4101: a: неиспользованная локальная переменная
     1>k:\yandexdisk\до 2024.05.28 заказ № 52842 по предмету 'программирование на c++' курсовой\uchet_dogovorov\uchet_dogovorov\uchet_dogovorov.cpp(812): warning C4996: 'fopen': This function or variable may be unsafe. Consider using fopen_s instead. To disable deprecation, use _CRT_SECURE_NO_WARNINGS. See online help for details.
                 c:\program files (x86)\microsoft visual studio 10.0\vc\include\stdio.h(234): см. объявление "fopen"
     1>k:\yandexdisk\до 2024.05.28 заказ № 52842 по предмету 'программирование на c++' курсовой\uchet_dogovorov\uchet_dogovorov\uchet_dogovorov.cpp(832): warning C4101: a: неиспользованная локальная переменная
     1>k:\yandexdisk\до 2024.05.28 заказ № 52842 по предмету 'программирование на c++' курсовой\uchet_dogovorov\uchet_dogovorov\uchet_dogovorov.cpp(848): warning C4996: 'fopen': This function or variable may be unsafe. Consider using fopen_s instead. To disable deprecation, use _CRT_SECURE_NO_WARNINGS. See online help for details.
                 c:\program files (x86)\microsoft visual studio 10.0\vc\include\stdio.h(234): см. объявление "fopen"
     1>k:\yandexdisk\до 2024.05.28 заказ № 52842 по предмету 'программирование на c++' курсовой\uchet_dogovorov\uchet_dogovorov\uchet_dogovorov.cpp(873): warning C4101: a: неиспользованная локальная переменная
     1>k:\yandexdisk\до 2024.05.28 заказ № 52842 по предмету 'программирование на c++' курсовой\uchet_dogovorov\uchet_dogovorov\uchet_dogovorov.cpp(885): warning C4996: 'fopen': This function or variable may be unsafe. Consider using fopen_s instead. To disable deprecation, use _CRT_SECURE_NO_WARNINGS. See online help for details.
                 c:\program files (x86)\microsoft visual studio 10.0\vc\include\stdio.h(234): см. объявление "fopen"
     1>k:\yandexdisk\до 2024.05.28 заказ № 52842 по предмету 'программирование на c++' курсовой\uchet_dogovorov\uchet_dogovorov\uchet_dogovorov.cpp(890): warning C4996: 'scanf': This function or variable may be unsafe. Consider using scanf_s instead. To disable deprecation, use _CRT_SECURE_NO_WARNINGS. See online help for details.
                 c:\program files (x86)\microsoft visual studio 10.0\vc\include\stdio.h(304): см. объявление "scanf"
     1>k:\yandexdisk\до 2024.05.28 заказ № 52842 по предмету 'программирование на c++' курсовой\uchet_dogovorov\uchet_dogovorov\uchet_dogovorov.cpp(902): warning C4101: a: неиспользованная локальная переменная
     1>k:\yandexdisk\до 2024.05.28 заказ № 52842 по предмету 'программирование на c++' курсовой\uchet_dogovorov\uchet_dogovorov\uchet_dogovorov.cpp(975): warning C4996: 'scanf': This function or variable may be unsafe. Consider using scanf_s instead. To disable deprecation, use _CRT_SECURE_NO_WARNINGS. See online help for details.
                 c:\program files (x86)\microsoft visual studio 10.0\vc\include\stdio.h(304): см. объявление "scanf"
     1>k:\yandexdisk\до 2024.05.28 заказ № 52842 по предмету 'программирование на c++' курсовой\uchet_dogovorov\uchet_dogovorov\uchet_dogovorov.cpp(1026): warning C4996: 'scanf': This function or variable may be unsafe. Consider using scanf_s instead. To disable deprecation, use _CRT_SECURE_NO_WARNINGS. See online help for details.
                 c:\program files (x86)\microsoft visual studio 10.0\vc\include\stdio.h(304): см. объявление "scanf"
     1>k:\yandexdisk\до 2024.05.28 заказ № 52842 по предмету 'программирование на c++' курсовой\uchet_dogovorov\uchet_dogovorov\uchet_dogovorov.cpp(1054): warning C4996: 'scanf': This function or variable may be unsafe. Consider using scanf_s instead. To disable deprecation, use _CRT_SECURE_NO_WARNINGS. See online help for details.
                 c:\program files (x86)\microsoft visual studio 10.0\vc\include\stdio.h(304): см. объявление "scanf"
       ManifestResourceCompile:
         Для всех выходных данных обновления не требуется.
       Link:
         C:\Program Files (x86)\Microsoft Visual Studio 10.0\VC\bin\link.exe /ERRORREPORT:PROMPT /OUT:"K:\YandexDisk\до 2024.05.28 заказ № 52842 по предмету 'Программирование на C++' Курсовой\Uchet_Dogovorov\Debug\Uchet_Dogovorov.exe" /INCREMENTAL /NOLOGO kernel32.lib user32.lib gdi32.lib winspool.lib comdlg32.lib advapi32.lib shell32.lib ole32.lib oleaut32.lib uuid.lib odbc32.lib odbccp32.lib /MANIFEST /ManifestFile:"Debug\Uchet_Dogovorov.exe.intermediate.manifest" /MANIFESTUAC:"level='asInvoker' uiAccess='false'" /DEBUG /PDB:"K:\YandexDisk\до 2024.05.28 заказ № 52842 по предмету 'Программирование на C++' Курсовой\Uchet_Dogovorov\Debug\Uchet_Dogovorov.pdb" /SUBSYSTEM:CONSOLE /TLBID:1 /DYNAMICBASE /NXCOMPAT /IMPLIB:"K:\YandexDisk\до 2024.05.28 заказ № 52842 по предмету 'Программирование на C++' Курсовой\Uchet_Dogovorov\Debug\Uchet_Dogovorov.lib" /MACHINE:X86 Debug\Uchet_Dogovorov.exe.embed.manifest.res
         Debug\stdafx.obj
         Debug\Uchet_Dogovorov.obj
       Manifest:
         C:\Program Files (x86)\Microsoft SDKs\Windows\v7.0A\bin\mt.exe /nologo /verbose /out:"Debug\Uchet_Dogovorov.exe.embed.manifest" /manifest Debug\Uchet_Dogovorov.exe.intermediate.manifest
         Для всех выходных данных обновления не требуется.
       LinkEmbedManifest:
         Для всех выходных данных обновления не требуется.
         Uchet_Dogovorov.vcxproj -> K:\YandexDisk\до 2024.05.28 заказ № 52842 по предмету 'Программирование на C++' Курсовой\Uchet_Dogovorov\Debug\Uchet_Dogovorov.exe
       FinalizeBuildStatus:
         Файл "Debug\Uchet_Dogovorov.unsuccessfulbuild" удаляется.
         Обращение к "Debug\Uchet_Dogovorov.lastbuildstate".
     1>Построение проекта "k:\YandexDisk\до 2024.05.28 заказ № 52842 по предмету 'Программирование на C++' Курсовой\Uchet_Dogovorov\Uchet_Dogovorov\Uchet_Dogovorov.vcxproj" завершено (целевые объекты build).

Построение успешно завершено.

Затраченное время: 00:00:00.74
