  Uchet_Dogovorov.cpp
C:\Users\Lina\Desktop\Задача вани\Uchet_Dogovorov\Uchet_Dogovorov\Uchet_Dogovorov.cpp(57,13): warning C4996: 'fopen': This function or variable may be unsafe. Consider using fopen_s instead. To disable deprecation, use _CRT_SECURE_NO_WARNINGS. See online help for details.
C:\Users\Lina\Desktop\Задача вани\Uchet_Dogovorov\Uchet_Dogovorov\Uchet_Dogovorov.cpp(61,28): warning C4996: 'scanf': This function or variable may be unsafe. Consider using scanf_s instead. To disable deprecation, use _CRT_SECURE_NO_WARNINGS. See online help for details.
C:\Users\Lina\Desktop\Задача вани\Uchet_Dogovorov\Uchet_Dogovorov\Uchet_Dogovorov.cpp(62,30): warning C4996: 'scanf': This function or variable may be unsafe. Consider using scanf_s instead. To disable deprecation, use _CRT_SECURE_NO_WARNINGS. See online help for details.
C:\Users\Lina\Desktop\Задача вани\Uchet_Dogovorov\Uchet_Dogovorov\Uchet_Dogovorov.cpp(74,12): warning C4101: a: неиспользованная локальная переменная
C:\Users\Lina\Desktop\Задача вани\Uchet_Dogovorov\Uchet_Dogovorov\Uchet_Dogovorov.cpp(86,33): warning C4996: 'scanf': This function or variable may be unsafe. Consider using scanf_s instead. To disable deprecation, use _CRT_SECURE_NO_WARNINGS. See online help for details.
C:\Users\Lina\Desktop\Задача вани\Uchet_Dogovorov\Uchet_Dogovorov\Uchet_Dogovorov.cpp(87,65): warning C4996: 'scanf': This function or variable may be unsafe. Consider using scanf_s instead. To disable deprecation, use _CRT_SECURE_NO_WARNINGS. See online help for details.
C:\Users\Lina\Desktop\Задача вани\Uchet_Dogovorov\Uchet_Dogovorov\Uchet_Dogovorov.cpp(88,35): warning C4996: 'scanf': This function or variable may be unsafe. Consider using scanf_s instead. To disable deprecation, use _CRT_SECURE_NO_WARNINGS. See online help for details.
C:\Users\Lina\Desktop\Задача вани\Uchet_Dogovorov\Uchet_Dogovorov\Uchet_Dogovorov.cpp(94,7): warning C4996: 'fopen': This function or variable may be unsafe. Consider using fopen_s instead. To disable deprecation, use _CRT_SECURE_NO_WARNINGS. See online help for details.
C:\Users\Lina\Desktop\Задача вани\Uchet_Dogovorov\Uchet_Dogovorov\Uchet_Dogovorov.cpp(109,13): warning C4996: 'fopen': This function or variable may be unsafe. Consider using fopen_s instead. To disable deprecation, use _CRT_SECURE_NO_WARNINGS. See online help for details.
C:\Users\Lina\Desktop\Задача вани\Uchet_Dogovorov\Uchet_Dogovorov\Uchet_Dogovorov.cpp(117,12): warning C4101: a: неиспользованная локальная переменная
C:\Users\Lina\Desktop\Задача вани\Uchet_Dogovorov\Uchet_Dogovorov\Uchet_Dogovorov.cpp(130,13): warning C4996: 'fopen': This function or variable may be unsafe. Consider using fopen_s instead. To disable deprecation, use _CRT_SECURE_NO_WARNINGS. See online help for details.
C:\Users\Lina\Desktop\Задача вани\Uchet_Dogovorov\Uchet_Dogovorov\Uchet_Dogovorov.cpp(140,27): warning C4996: 'scanf': This function or variable may be unsafe. Consider using scanf_s instead. To disable deprecation, use _CRT_SECURE_NO_WARNINGS. See online help for details.
C:\Users\Lina\Desktop\Задача вани\Uchet_Dogovorov\Uchet_Dogovorov\Uchet_Dogovorov.cpp(141,29): warning C4996: 'scanf': This function or variable may be unsafe. Consider using scanf_s instead. To disable deprecation, use _CRT_SECURE_NO_WARNINGS. See online help for details.
C:\Users\Lina\Desktop\Задача вани\Uchet_Dogovorov\Uchet_Dogovorov\Uchet_Dogovorov.cpp(163,7): warning C4996: 'fopen': This function or variable may be unsafe. Consider using fopen_s instead. To disable deprecation, use _CRT_SECURE_NO_WARNINGS. See online help for details.
C:\Users\Lina\Desktop\Задача вани\Uchet_Dogovorov\Uchet_Dogovorov\Uchet_Dogovorov.cpp(133,12): warning C4101: a: неиспользованная локальная переменная
C:\Users\Lina\Desktop\Задача вани\Uchet_Dogovorov\Uchet_Dogovorov\Uchet_Dogovorov.cpp(180,39): warning C4996: 'scanf': This function or variable may be unsafe. Consider using scanf_s instead. To disable deprecation, use _CRT_SECURE_NO_WARNINGS. See online help for details.
C:\Users\Lina\Desktop\Задача вани\Uchet_Dogovorov\Uchet_Dogovorov\Uchet_Dogovorov.cpp(197,37): warning C4996: 'scanf': This function or variable may be unsafe. Consider using scanf_s instead. To disable deprecation, use _CRT_SECURE_NO_WARNINGS. See online help for details.
C:\Users\Lina\Desktop\Задача вани\Uchet_Dogovorov\Uchet_Dogovorov\Uchet_Dogovorov.cpp(210,37): warning C4996: 'scanf': This function or variable may be unsafe. Consider using scanf_s instead. To disable deprecation, use _CRT_SECURE_NO_WARNINGS. See online help for details.
C:\Users\Lina\Desktop\Задача вани\Uchet_Dogovorov\Uchet_Dogovorov\Uchet_Dogovorov.cpp(211,38): warning C4996: 'scanf': This function or variable may be unsafe. Consider using scanf_s instead. To disable deprecation, use _CRT_SECURE_NO_WARNINGS. See online help for details.
C:\Users\Lina\Desktop\Задача вани\Uchet_Dogovorov\Uchet_Dogovorov\Uchet_Dogovorov.cpp(212,37): warning C4996: 'scanf': This function or variable may be unsafe. Consider using scanf_s instead. To disable deprecation, use _CRT_SECURE_NO_WARNINGS. See online help for details.
C:\Users\Lina\Desktop\Задача вани\Uchet_Dogovorov\Uchet_Dogovorov\Uchet_Dogovorov.cpp(214,29): warning C4996: 'scanf': This function or variable may be unsafe. Consider using scanf_s instead. To disable deprecation, use _CRT_SECURE_NO_WARNINGS. See online help for details.
C:\Users\Lina\Desktop\Задача вани\Uchet_Dogovorov\Uchet_Dogovorov\Uchet_Dogovorov.cpp(215,41): warning C4996: 'scanf': This function or variable may be unsafe. Consider using scanf_s instead. To disable deprecation, use _CRT_SECURE_NO_WARNINGS. See online help for details.
C:\Users\Lina\Desktop\Задача вани\Uchet_Dogovorov\Uchet_Dogovorov\Uchet_Dogovorov.cpp(217,41): warning C4996: 'scanf': This function or variable may be unsafe. Consider using scanf_s instead. To disable deprecation, use _CRT_SECURE_NO_WARNINGS. See online help for details.
C:\Users\Lina\Desktop\Задача вани\Uchet_Dogovorov\Uchet_Dogovorov\Uchet_Dogovorov.cpp(224,7): warning C4996: 'fopen': This function or variable may be unsafe. Consider using fopen_s instead. To disable deprecation, use _CRT_SECURE_NO_WARNINGS. See online help for details.
C:\Users\Lina\Desktop\Задача вани\Uchet_Dogovorov\Uchet_Dogovorov\Uchet_Dogovorov.cpp(245,13): warning C4996: 'fopen': This function or variable may be unsafe. Consider using fopen_s instead. To disable deprecation, use _CRT_SECURE_NO_WARNINGS. See online help for details.
C:\Users\Lina\Desktop\Задача вани\Uchet_Dogovorov\Uchet_Dogovorov\Uchet_Dogovorov.cpp(255,17): warning C4996: 'scanf': This function or variable may be unsafe. Consider using scanf_s instead. To disable deprecation, use _CRT_SECURE_NO_WARNINGS. See online help for details.
C:\Users\Lina\Desktop\Задача вани\Uchet_Dogovorov\Uchet_Dogovorov\Uchet_Dogovorov.cpp(273,7): warning C4996: 'fopen': This function or variable may be unsafe. Consider using fopen_s instead. To disable deprecation, use _CRT_SECURE_NO_WARNINGS. See online help for details.
C:\Users\Lina\Desktop\Задача вани\Uchet_Dogovorov\Uchet_Dogovorov\Uchet_Dogovorov.cpp(248,12): warning C4101: a: неиспользованная локальная переменная
C:\Users\Lina\Desktop\Задача вани\Uchet_Dogovorov\Uchet_Dogovorov\Uchet_Dogovorov.cpp(314,13): warning C4996: 'fopen': This function or variable may be unsafe. Consider using fopen_s instead. To disable deprecation, use _CRT_SECURE_NO_WARNINGS. See online help for details.
C:\Users\Lina\Desktop\Задача вани\Uchet_Dogovorov\Uchet_Dogovorov\Uchet_Dogovorov.cpp(324,38): warning C4996: 'scanf': This function or variable may be unsafe. Consider using scanf_s instead. To disable deprecation, use _CRT_SECURE_NO_WARNINGS. See online help for details.
C:\Users\Lina\Desktop\Задача вани\Uchet_Dogovorov\Uchet_Dogovorov\Uchet_Dogovorov.cpp(350,7): warning C4996: 'fopen': This function or variable may be unsafe. Consider using fopen_s instead. To disable deprecation, use _CRT_SECURE_NO_WARNINGS. See online help for details.
C:\Users\Lina\Desktop\Задача вани\Uchet_Dogovorov\Uchet_Dogovorov\Uchet_Dogovorov.cpp(317,12): warning C4101: a: неиспользованная локальная переменная
C:\Users\Lina\Desktop\Задача вани\Uchet_Dogovorov\Uchet_Dogovorov\Uchet_Dogovorov.cpp(368,13): warning C4996: 'fopen': This function or variable may be unsafe. Consider using fopen_s instead. To disable deprecation, use _CRT_SECURE_NO_WARNINGS. See online help for details.
C:\Users\Lina\Desktop\Задача вани\Uchet_Dogovorov\Uchet_Dogovorov\Uchet_Dogovorov.cpp(379,12): warning C4101: a: неиспользованная локальная переменная
C:\Users\Lina\Desktop\Задача вани\Uchet_Dogovorov\Uchet_Dogovorov\Uchet_Dogovorov.cpp(390,13): warning C4996: 'fopen': This function or variable may be unsafe. Consider using fopen_s instead. To disable deprecation, use _CRT_SECURE_NO_WARNINGS. See online help for details.
C:\Users\Lina\Desktop\Задача вани\Uchet_Dogovorov\Uchet_Dogovorov\Uchet_Dogovorov.cpp(394,39): warning C4996: 'scanf': This function or variable may be unsafe. Consider using scanf_s instead. To disable deprecation, use _CRT_SECURE_NO_WARNINGS. See online help for details.
C:\Users\Lina\Desktop\Задача вани\Uchet_Dogovorov\Uchet_Dogovorov\Uchet_Dogovorov.cpp(406,12): warning C4101: a: неиспользованная локальная переменная
C:\Users\Lina\Desktop\Задача вани\Uchet_Dogovorov\Uchet_Dogovorov\Uchet_Dogovorov.cpp(416,7): warning C4996: 'fopen': This function or variable may be unsafe. Consider using fopen_s instead. To disable deprecation, use _CRT_SECURE_NO_WARNINGS. See online help for details.
C:\Users\Lina\Desktop\Задача вани\Uchet_Dogovorov\Uchet_Dogovorov\Uchet_Dogovorov.cpp(437,13): warning C4996: 'fopen': This function or variable may be unsafe. Consider using fopen_s instead. To disable deprecation, use _CRT_SECURE_NO_WARNINGS. See online help for details.
C:\Users\Lina\Desktop\Задача вани\Uchet_Dogovorov\Uchet_Dogovorov\Uchet_Dogovorov.cpp(447,17): warning C4996: 'scanf': This function or variable may be unsafe. Consider using scanf_s instead. To disable deprecation, use _CRT_SECURE_NO_WARNINGS. See online help for details.
C:\Users\Lina\Desktop\Задача вани\Uchet_Dogovorov\Uchet_Dogovorov\Uchet_Dogovorov.cpp(465,7): warning C4996: 'fopen': This function or variable may be unsafe. Consider using fopen_s instead. To disable deprecation, use _CRT_SECURE_NO_WARNINGS. See online help for details.
C:\Users\Lina\Desktop\Задача вани\Uchet_Dogovorov\Uchet_Dogovorov\Uchet_Dogovorov.cpp(440,12): warning C4101: a: неиспользованная локальная переменная
C:\Users\Lina\Desktop\Задача вани\Uchet_Dogovorov\Uchet_Dogovorov\Uchet_Dogovorov.cpp(506,13): warning C4996: 'fopen': This function or variable may be unsafe. Consider using fopen_s instead. To disable deprecation, use _CRT_SECURE_NO_WARNINGS. See online help for details.
C:\Users\Lina\Desktop\Задача вани\Uchet_Dogovorov\Uchet_Dogovorov\Uchet_Dogovorov.cpp(516,36): warning C4996: 'scanf': This function or variable may be unsafe. Consider using scanf_s instead. To disable deprecation, use _CRT_SECURE_NO_WARNINGS. See online help for details.
C:\Users\Lina\Desktop\Задача вани\Uchet_Dogovorov\Uchet_Dogovorov\Uchet_Dogovorov.cpp(542,7): warning C4996: 'fopen': This function or variable may be unsafe. Consider using fopen_s instead. To disable deprecation, use _CRT_SECURE_NO_WARNINGS. See online help for details.
C:\Users\Lina\Desktop\Задача вани\Uchet_Dogovorov\Uchet_Dogovorov\Uchet_Dogovorov.cpp(509,12): warning C4101: a: неиспользованная локальная переменная
C:\Users\Lina\Desktop\Задача вани\Uchet_Dogovorov\Uchet_Dogovorov\Uchet_Dogovorov.cpp(560,13): warning C4996: 'fopen': This function or variable may be unsafe. Consider using fopen_s instead. To disable deprecation, use _CRT_SECURE_NO_WARNINGS. See online help for details.
C:\Users\Lina\Desktop\Задача вани\Uchet_Dogovorov\Uchet_Dogovorov\Uchet_Dogovorov.cpp(571,12): warning C4101: a: неиспользованная локальная переменная
C:\Users\Lina\Desktop\Задача вани\Uchet_Dogovorov\Uchet_Dogovorov\Uchet_Dogovorov.cpp(582,13): warning C4996: 'fopen': This function or variable may be unsafe. Consider using fopen_s instead. To disable deprecation, use _CRT_SECURE_NO_WARNINGS. See online help for details.
C:\Users\Lina\Desktop\Задача вани\Uchet_Dogovorov\Uchet_Dogovorov\Uchet_Dogovorov.cpp(586,37): warning C4996: 'scanf': This function or variable may be unsafe. Consider using scanf_s instead. To disable deprecation, use _CRT_SECURE_NO_WARNINGS. See online help for details.
C:\Users\Lina\Desktop\Задача вани\Uchet_Dogovorov\Uchet_Dogovorov\Uchet_Dogovorov.cpp(598,12): warning C4101: a: неиспользованная локальная переменная
C:\Users\Lina\Desktop\Задача вани\Uchet_Dogovorov\Uchet_Dogovorov\Uchet_Dogovorov.cpp(610,7): warning C4996: 'fopen': This function or variable may be unsafe. Consider using fopen_s instead. To disable deprecation, use _CRT_SECURE_NO_WARNINGS. See online help for details.
C:\Users\Lina\Desktop\Задача вани\Uchet_Dogovorov\Uchet_Dogovorov\Uchet_Dogovorov.cpp(631,13): warning C4996: 'fopen': This function or variable may be unsafe. Consider using fopen_s instead. To disable deprecation, use _CRT_SECURE_NO_WARNINGS. See online help for details.
C:\Users\Lina\Desktop\Задача вани\Uchet_Dogovorov\Uchet_Dogovorov\Uchet_Dogovorov.cpp(641,17): warning C4996: 'scanf': This function or variable may be unsafe. Consider using scanf_s instead. To disable deprecation, use _CRT_SECURE_NO_WARNINGS. See online help for details.
C:\Users\Lina\Desktop\Задача вани\Uchet_Dogovorov\Uchet_Dogovorov\Uchet_Dogovorov.cpp(659,7): warning C4996: 'fopen': This function or variable may be unsafe. Consider using fopen_s instead. To disable deprecation, use _CRT_SECURE_NO_WARNINGS. See online help for details.
C:\Users\Lina\Desktop\Задача вани\Uchet_Dogovorov\Uchet_Dogovorov\Uchet_Dogovorov.cpp(634,12): warning C4101: a: неиспользованная локальная переменная
C:\Users\Lina\Desktop\Задача вани\Uchet_Dogovorov\Uchet_Dogovorov\Uchet_Dogovorov.cpp(700,13): warning C4996: 'fopen': This function or variable may be unsafe. Consider using fopen_s instead. To disable deprecation, use _CRT_SECURE_NO_WARNINGS. See online help for details.
C:\Users\Lina\Desktop\Задача вани\Uchet_Dogovorov\Uchet_Dogovorov\Uchet_Dogovorov.cpp(710,36): warning C4996: 'scanf': This function or variable may be unsafe. Consider using scanf_s instead. To disable deprecation, use _CRT_SECURE_NO_WARNINGS. See online help for details.
C:\Users\Lina\Desktop\Задача вани\Uchet_Dogovorov\Uchet_Dogovorov\Uchet_Dogovorov.cpp(736,7): warning C4996: 'fopen': This function or variable may be unsafe. Consider using fopen_s instead. To disable deprecation, use _CRT_SECURE_NO_WARNINGS. See online help for details.
C:\Users\Lina\Desktop\Задача вани\Uchet_Dogovorov\Uchet_Dogovorov\Uchet_Dogovorov.cpp(703,12): warning C4101: a: неиспользованная локальная переменная
C:\Users\Lina\Desktop\Задача вани\Uchet_Dogovorov\Uchet_Dogovorov\Uchet_Dogovorov.cpp(754,13): warning C4996: 'fopen': This function or variable may be unsafe. Consider using fopen_s instead. To disable deprecation, use _CRT_SECURE_NO_WARNINGS. See online help for details.
C:\Users\Lina\Desktop\Задача вани\Uchet_Dogovorov\Uchet_Dogovorov\Uchet_Dogovorov.cpp(765,12): warning C4101: a: неиспользованная локальная переменная
C:\Users\Lina\Desktop\Задача вани\Uchet_Dogovorov\Uchet_Dogovorov\Uchet_Dogovorov.cpp(776,13): warning C4996: 'fopen': This function or variable may be unsafe. Consider using fopen_s instead. To disable deprecation, use _CRT_SECURE_NO_WARNINGS. See online help for details.
C:\Users\Lina\Desktop\Задача вани\Uchet_Dogovorov\Uchet_Dogovorov\Uchet_Dogovorov.cpp(780,37): warning C4996: 'scanf': This function or variable may be unsafe. Consider using scanf_s instead. To disable deprecation, use _CRT_SECURE_NO_WARNINGS. See online help for details.
C:\Users\Lina\Desktop\Задача вани\Uchet_Dogovorov\Uchet_Dogovorov\Uchet_Dogovorov.cpp(792,12): warning C4101: a: неиспользованная локальная переменная
C:\Users\Lina\Desktop\Задача вани\Uchet_Dogovorov\Uchet_Dogovorov\Uchet_Dogovorov.cpp(812,13): warning C4996: 'fopen': This function or variable may be unsafe. Consider using fopen_s instead. To disable deprecation, use _CRT_SECURE_NO_WARNINGS. See online help for details.
C:\Users\Lina\Desktop\Задача вани\Uchet_Dogovorov\Uchet_Dogovorov\Uchet_Dogovorov.cpp(832,12): warning C4101: a: неиспользованная локальная переменная
C:\Users\Lina\Desktop\Задача вани\Uchet_Dogovorov\Uchet_Dogovorov\Uchet_Dogovorov.cpp(848,13): warning C4996: 'fopen': This function or variable may be unsafe. Consider using fopen_s instead. To disable deprecation, use _CRT_SECURE_NO_WARNINGS. See online help for details.
C:\Users\Lina\Desktop\Задача вани\Uchet_Dogovorov\Uchet_Dogovorov\Uchet_Dogovorov.cpp(873,12): warning C4101: a: неиспользованная локальная переменная
C:\Users\Lina\Desktop\Задача вани\Uchet_Dogovorov\Uchet_Dogovorov\Uchet_Dogovorov.cpp(890,52): warning C4477: "scanf": в строке форматирования "%d" требуется аргумент типа "int *", но вариативный аргумент "1" имеет тип "char (*)[15]"
C:\Users\Lina\Desktop\Задача вани\Uchet_Dogovorov\Uchet_Dogovorov\Uchet_Dogovorov.cpp(885,13): warning C4996: 'fopen': This function or variable may be unsafe. Consider using fopen_s instead. To disable deprecation, use _CRT_SECURE_NO_WARNINGS. See online help for details.
C:\Users\Lina\Desktop\Задача вани\Uchet_Dogovorov\Uchet_Dogovorov\Uchet_Dogovorov.cpp(890,46): warning C4996: 'scanf': This function or variable may be unsafe. Consider using scanf_s instead. To disable deprecation, use _CRT_SECURE_NO_WARNINGS. See online help for details.
C:\Users\Lina\Desktop\Задача вани\Uchet_Dogovorov\Uchet_Dogovorov\Uchet_Dogovorov.cpp(902,12): warning C4101: a: неиспользованная локальная переменная
C:\Users\Lina\Desktop\Задача вани\Uchet_Dogovorov\Uchet_Dogovorov\Uchet_Dogovorov.cpp(942,3): warning C4996: 'scanf': This function or variable may be unsafe. Consider using scanf_s instead. To disable deprecation, use _CRT_SECURE_NO_WARNINGS. See online help for details.
C:\Users\Lina\Desktop\Задача вани\Uchet_Dogovorov\Uchet_Dogovorov\Uchet_Dogovorov.cpp(993,3): warning C4996: 'scanf': This function or variable may be unsafe. Consider using scanf_s instead. To disable deprecation, use _CRT_SECURE_NO_WARNINGS. See online help for details.
C:\Users\Lina\Desktop\Задача вани\Uchet_Dogovorov\Uchet_Dogovorov\Uchet_Dogovorov.cpp(1021,3): warning C4996: 'scanf': This function or variable may be unsafe. Consider using scanf_s instead. To disable deprecation, use _CRT_SECURE_NO_WARNINGS. See online help for details.
  Создание кода
  23 of 323 functions ( 7.1%) were compiled, the rest were copied from previous compilation.
    0 functions were new in current compilation
    2 functions had inline decision re-evaluated but remain unchanged
  Создание кода завершено
  Uchet_Dogovorov.vcxproj -> C:\Users\Lina\Desktop\Задача вани\Uchet_Dogovorov\Release\Uchet_Dogovorov.exe
